<?xml version="1.0" encoding="UTF-8"?>
<robot generator="Robot 6.0.2 (Python 3.8.10 on linux)" generated="20240213 13:34:20.106" rpa="false" schemaversion="3">
<suite id="s1" name="13" source="/home/henry/robot/day1/10/13.robot">
<test id="s1-t1" name="구글 검색 - 크롬 브라우저" line="9">
<kw name="크롬 브라우저로 주소 열기">
<arg>${GOOGLE_URL}</arg>
<kw name="주소 열기">
<arg>Chrome</arg>
<arg>${url}</arg>
<kw name="Create Webdriver" library="SeleniumLibrary">
<arg>${browser}</arg>
<doc>Creates an instance of Selenium WebDriver.</doc>
<msg timestamp="20240213 13:34:20.183" level="INFO">Creating an instance of the Chrome WebDriver.</msg>
<status status="PASS" starttime="20240213 13:34:20.183" endtime="20240213 13:34:21.006"/>
</kw>
<kw name="Maximize Browser Window" library="SeleniumLibrary">
<doc>Maximizes current browser window.</doc>
<status status="PASS" starttime="20240213 13:34:21.006" endtime="20240213 13:34:21.127"/>
</kw>
<kw name="Go To" library="SeleniumLibrary">
<arg>${url}</arg>
<doc>Navigates the current browser window to the provided ``url``.</doc>
<msg timestamp="20240213 13:34:21.127" level="INFO">Opening url 'https://www.google.com'</msg>
<status status="PASS" starttime="20240213 13:34:21.127" endtime="20240213 13:34:22.387"/>
</kw>
<kw name="Wait For Condition" library="SeleniumLibrary">
<arg>return !!document.body</arg>
<doc>Waits until ``condition`` is true or ``timeout`` expires.</doc>
<status status="PASS" starttime="20240213 13:34:22.387" endtime="20240213 13:34:22.391"/>
</kw>
<status status="PASS" starttime="20240213 13:34:20.183" endtime="20240213 13:34:22.391"/>
</kw>
<status status="PASS" starttime="20240213 13:34:20.183" endtime="20240213 13:34:22.391"/>
</kw>
<kw name="검색어 입력">
<arg>Github</arg>
<kw name="Input Text" library="SeleniumLibrary">
<arg>xpath://input[@name="APjFqb"]</arg>
<arg>${keyword}</arg>
<doc>Types the given ``text`` into the text field identified by ``locator``.</doc>
<msg timestamp="20240213 13:34:22.392" level="INFO">Typing text 'Github' into text field 'xpath://input[@name="APjFqb"]'.</msg>
<msg timestamp="20240213 13:34:22.500" level="INFO" html="true">&lt;/td&gt;&lt;/tr&gt;&lt;tr&gt;&lt;td colspan="3"&gt;&lt;a href="selenium-screenshot-6.png"&gt;&lt;img src="selenium-screenshot-6.png" width="800px"&gt;&lt;/a&gt;</msg>
<msg timestamp="20240213 13:34:22.500" level="FAIL">Element with locator 'xpath://input[@name="APjFqb"]' not found.</msg>
<status status="FAIL" starttime="20240213 13:34:22.392" endtime="20240213 13:34:22.500"/>
</kw>
<status status="FAIL" starttime="20240213 13:34:22.391" endtime="20240213 13:34:22.500"/>
</kw>
<kw name="검색 버튼 클릭">
<status status="NOT RUN" starttime="20240213 13:34:22.501" endtime="20240213 13:34:22.501"/>
</kw>
<kw name="Wait Until Element Is Visible" library="SeleniumLibrary">
<arg>css:div#rso</arg>
<doc>Waits until the element ``locator`` is visible.</doc>
<status status="NOT RUN" starttime="20240213 13:34:22.501" endtime="20240213 13:34:22.501"/>
</kw>
<kw name="Page Should Contain Element" library="SeleniumLibrary">
<arg>xpath://div[@class='main']</arg>
<arg>"https://github.com/"</arg>
<doc>Verifies that element ``locator`` is found on the current page.</doc>
<status status="NOT RUN" starttime="20240213 13:34:22.501" endtime="20240213 13:34:22.501"/>
</kw>
<status status="FAIL" starttime="20240213 13:34:20.182" endtime="20240213 13:34:22.501">Element with locator 'xpath://input[@name="APjFqb"]' not found.</status>
</test>
<test id="s1-t2" name="구글 검색 - 파이어폭스 브라우저" line="17">
<kw name="파이어폭스 브라우저로 주소 열기">
<arg>${GOOGLE_URL}</arg>
<kw name="주소 열기">
<arg>Firefox</arg>
<arg>${url}</arg>
<kw name="Create Webdriver" library="SeleniumLibrary">
<arg>${browser}</arg>
<doc>Creates an instance of Selenium WebDriver.</doc>
<msg timestamp="20240213 13:34:22.503" level="INFO">Creating an instance of the Firefox WebDriver.</msg>
<status status="PASS" starttime="20240213 13:34:22.503" endtime="20240213 13:34:24.593"/>
</kw>
<kw name="Maximize Browser Window" library="SeleniumLibrary">
<doc>Maximizes current browser window.</doc>
<status status="PASS" starttime="20240213 13:34:24.593" endtime="20240213 13:34:24.865"/>
</kw>
<kw name="Go To" library="SeleniumLibrary">
<arg>${url}</arg>
<doc>Navigates the current browser window to the provided ``url``.</doc>
<msg timestamp="20240213 13:34:24.866" level="INFO">Opening url 'https://www.google.com'</msg>
<status status="PASS" starttime="20240213 13:34:24.865" endtime="20240213 13:34:26.593"/>
</kw>
<kw name="Wait For Condition" library="SeleniumLibrary">
<arg>return !!document.body</arg>
<doc>Waits until ``condition`` is true or ``timeout`` expires.</doc>
<status status="PASS" starttime="20240213 13:34:26.593" endtime="20240213 13:34:26.621"/>
</kw>
<status status="PASS" starttime="20240213 13:34:22.502" endtime="20240213 13:34:26.621"/>
</kw>
<status status="PASS" starttime="20240213 13:34:22.502" endtime="20240213 13:34:26.621"/>
</kw>
<kw name="검색어 입력">
<arg>Github</arg>
<kw name="Input Text" library="SeleniumLibrary">
<arg>xpath://input[@name="APjFqb"]</arg>
<arg>${keyword}</arg>
<doc>Types the given ``text`` into the text field identified by ``locator``.</doc>
<msg timestamp="20240213 13:34:26.623" level="INFO">Typing text 'Github' into text field 'xpath://input[@name="APjFqb"]'.</msg>
<msg timestamp="20240213 13:34:26.674" level="INFO" html="true">&lt;/td&gt;&lt;/tr&gt;&lt;tr&gt;&lt;td colspan="3"&gt;&lt;a href="selenium-screenshot-7.png"&gt;&lt;img src="selenium-screenshot-7.png" width="800px"&gt;&lt;/a&gt;</msg>
<msg timestamp="20240213 13:34:26.674" level="FAIL">Element with locator 'xpath://input[@name="APjFqb"]' not found.</msg>
<status status="FAIL" starttime="20240213 13:34:26.623" endtime="20240213 13:34:26.676"/>
</kw>
<status status="FAIL" starttime="20240213 13:34:26.622" endtime="20240213 13:34:26.676"/>
</kw>
<kw name="검색 버튼 클릭">
<status status="NOT RUN" starttime="20240213 13:34:26.677" endtime="20240213 13:34:26.677"/>
</kw>
<kw name="Wait Until Element Is Visible" library="SeleniumLibrary">
<arg>css:div#rso</arg>
<doc>Waits until the element ``locator`` is visible.</doc>
<status status="NOT RUN" starttime="20240213 13:34:26.679" endtime="20240213 13:34:26.679"/>
</kw>
<kw name="Page Should Contain Element" library="SeleniumLibrary">
<arg>xpath://div[@class='main']</arg>
<arg>"https://github.com/"</arg>
<doc>Verifies that element ``locator`` is found on the current page.</doc>
<status status="NOT RUN" starttime="20240213 13:34:26.681" endtime="20240213 13:34:26.681"/>
</kw>
<status status="FAIL" starttime="20240213 13:34:22.501" endtime="20240213 13:34:26.681">Element with locator 'xpath://input[@name="APjFqb"]' not found.</status>
</test>
<doc>구글 검색 테스트</doc>
<status status="FAIL" starttime="20240213 13:34:20.107" endtime="20240213 13:34:26.683"/>
</suite>
<statistics>
<total>
<stat pass="0" fail="2" skip="0">All Tests</stat>
</total>
<tag>
</tag>
<suite>
<stat pass="0" fail="2" skip="0" id="s1" name="13">13</stat>
</suite>
</statistics>
<errors>
</errors>
</robot>
