<?xml version="1.0" encoding="UTF-8"?>
<robot generator="Robot 6.0.2 (Python 3.8.10 on linux)" generated="20240213 13:38:50.051" rpa="false" schemaversion="3">
<suite id="s1" name="01-List-Variable-Cgv" source="/home/henry/robot/day2/01-variables/01-list-variable-cgv.robot">
<test id="s1-t1" name="TC1 - CGV 검색 - Variable" line="11">
<kw name="Open Browser" library="SeleniumLibrary">
<arg>${URL}</arg>
<arg>chrome</arg>
<doc>Opens a new browser instance to the optional ``url``.</doc>
<msg timestamp="20240213 13:38:50.135" level="INFO">Opening browser 'chrome' to base url 'https://www.cgv.co.kr'.</msg>
<status status="PASS" starttime="20240213 13:38:50.134" endtime="20240213 13:38:53.549"/>
</kw>
<kw name="Input Text" library="SeleniumLibrary">
<arg>xpath://*[@id="header_keyword"]</arg>
<arg>${QUERY}</arg>
<doc>Types the given ``text`` into the text field identified by ``locator``.</doc>
<msg timestamp="20240213 13:38:53.550" level="INFO">Typing text '모가디슈' into text field 'xpath://*[@id="header_keyword"]'.</msg>
<status status="PASS" starttime="20240213 13:38:53.549" endtime="20240213 13:38:53.669"/>
</kw>
<kw name="Press Keys" library="SeleniumLibrary">
<arg>xpath://*[@id="header_keyword"]</arg>
<arg>ENTER</arg>
<doc>Simulates the user pressing key(s) to an element or on the active browser.</doc>
<msg timestamp="20240213 13:38:53.670" level="INFO">Sending key(s) ('ENTER',) to xpath://*[@id="header_keyword"] element.</msg>
<msg timestamp="20240213 13:38:53.974" level="INFO">Pressing special key ENTER to element.</msg>
<msg timestamp="20240213 13:38:53.975" level="INFO">Releasing special key ENTER.</msg>
<status status="PASS" starttime="20240213 13:38:53.669" endtime="20240213 13:38:55.787"/>
</kw>
<kw name="Page Should Contain" library="SeleniumLibrary">
<arg>${QUERY}</arg>
<doc>Verifies that current page contains ``text``.</doc>
<msg timestamp="20240213 13:38:55.805" level="INFO">Current page contains text '모가디슈'.</msg>
<status status="PASS" starttime="20240213 13:38:55.787" endtime="20240213 13:38:55.805"/>
</kw>
<kw name="Close Browser" library="SeleniumLibrary">
<doc>Closes the current browser.</doc>
<status status="PASS" starttime="20240213 13:38:55.805" endtime="20240213 13:38:55.883"/>
</kw>
<status status="PASS" starttime="20240213 13:38:50.134" endtime="20240213 13:38:55.883"/>
</test>
<test id="s1-t2" name="TC2 - CGV 검색 - List Variable" line="18">
<kw name="Open Browser" library="SeleniumLibrary">
<arg>${URL}</arg>
<arg>chrome</arg>
<doc>Opens a new browser instance to the optional ``url``.</doc>
<msg timestamp="20240213 13:38:55.885" level="INFO">Opening browser 'chrome' to base url 'https://www.cgv.co.kr'.</msg>
<status status="PASS" starttime="20240213 13:38:55.884" endtime="20240213 13:38:58.888"/>
</kw>
<kw name="Input Text" library="SeleniumLibrary">
<arg>xpath://*[@id="header_keyword"]</arg>
<arg>${QUERYLIST}[1]</arg>
<doc>Types the given ``text`` into the text field identified by ``locator``.</doc>
<msg timestamp="20240213 13:38:58.889" level="INFO">Typing text '인질' into text field 'xpath://*[@id="header_keyword"]'.</msg>
<status status="PASS" starttime="20240213 13:38:58.888" endtime="20240213 13:38:58.976"/>
</kw>
<kw name="Press Keys" library="SeleniumLibrary">
<arg>xpath://*[@id="header_keyword"]</arg>
<arg>ENTER</arg>
<doc>Simulates the user pressing key(s) to an element or on the active browser.</doc>
<msg timestamp="20240213 13:38:58.977" level="INFO">Sending key(s) ('ENTER',) to xpath://*[@id="header_keyword"] element.</msg>
<msg timestamp="20240213 13:38:59.260" level="INFO">Pressing special key ENTER to element.</msg>
<msg timestamp="20240213 13:38:59.260" level="INFO">Releasing special key ENTER.</msg>
<status status="PASS" starttime="20240213 13:38:58.977" endtime="20240213 13:39:01.108"/>
</kw>
<kw name="Page Should Contain" library="SeleniumLibrary">
<arg>${QUERYLIST}[1]</arg>
<doc>Verifies that current page contains ``text``.</doc>
<msg timestamp="20240213 13:39:01.136" level="INFO">Current page contains text '인질'.</msg>
<status status="PASS" starttime="20240213 13:39:01.109" endtime="20240213 13:39:01.136"/>
</kw>
<kw name="Close Browser" library="SeleniumLibrary">
<doc>Closes the current browser.</doc>
<status status="PASS" starttime="20240213 13:39:01.136" endtime="20240213 13:39:01.202"/>
</kw>
<status status="PASS" starttime="20240213 13:38:55.883" endtime="20240213 13:39:01.202"/>
</test>
<status status="PASS" starttime="20240213 13:38:50.051" endtime="20240213 13:39:01.204"/>
</suite>
<statistics>
<total>
<stat pass="2" fail="0" skip="0">All Tests</stat>
</total>
<tag>
</tag>
<suite>
<stat pass="2" fail="0" skip="0" id="s1" name="01-List-Variable-Cgv">01-List-Variable-Cgv</stat>
</suite>
</statistics>
<errors>
</errors>
</robot>
